<?xml version="1.0" encoding="UTF-8"?>
<!-- Generated by org.testng.reporters.JUnitXMLReporter -->
<testsuite ignored="0" hostname="LAPTOP-KQ95BOLL" failures="0" tests="3" name="Default test" time="16.344" errors="0" timestamp="2025-07-15T16:46:25 IST">
  <testcase classname="codes.FourtheenAssignment" name="TestCaseOne" time="3.701"/>
  <testcase classname="codes.FourtheenAssignment" name="TestCaseTwoAdminPAge" time="1.747"/>
  <testcase classname="codes.FourtheenAssignment" name="TestCaseThree" time="2.556"/>
</testsuite> <!-- Default test -->
