<?xml version="1.0" encoding="UTF-8"?>
<testng-results ignored="0" total="1" passed="1" failed="0" skipped="0">
  <reporter-output>
  </reporter-output>
  <suite started-at="2025-07-03T19:11:48 IST" name="Default suite" finished-at="2025-07-03T19:11:52 IST" duration-ms="3626">
    <groups>
    </groups>
    <test started-at="2025-07-03T19:11:48 IST" name="Default test" finished-at="2025-07-03T19:11:52 IST" duration-ms="3626">
      <class name="codes.SixthAssignment">
        <test-method is-config="true" signature="OpenURL()[pri:0, instance:codes.SixthAssignment@4af0df05]" started-at="2025-07-03T19:11:48 IST" name="OpenURL" finished-at="2025-07-03T19:11:52 IST" duration-ms="3381" status="PASS">
          <reporter-output>
          </reporter-output>
        </test-method> <!-- OpenURL -->
        <test-method signature="TestCase()[pri:1, instance:codes.SixthAssignment@4af0df05]" started-at="2025-07-03T19:11:52 IST" name="TestCase" finished-at="2025-07-03T19:11:52 IST" duration-ms="213" status="PASS">
          <reporter-output>
          </reporter-output>
        </test-method> <!-- TestCase -->
      </class> <!-- codes.SixthAssignment -->
    </test> <!-- Default test -->
  </suite> <!-- Default suite -->
</testng-results>
