<?xml version="1.0" encoding="UTF-8"?>
<testng-results ignored="0" total="1" passed="1" failed="0" skipped="0">
  <reporter-output>
  </reporter-output>
  <suite started-at="2025-07-09T19:12:30 IST" name="Default suite" finished-at="2025-07-09T19:13:04 IST" duration-ms="33472">
    <groups>
    </groups>
    <test started-at="2025-07-09T19:12:30 IST" name="Default test" finished-at="2025-07-09T19:13:04 IST" duration-ms="33472">
      <class name="codes.TwelvethAssignment">
        <test-method is-config="true" signature="OpenUrl()[pri:0, instance:codes.TwelvethAssignment@4af0df05]" started-at="2025-07-09T19:12:30 IST" name="OpenUrl" finished-at="2025-07-09T19:12:46 IST" duration-ms="16129" status="PASS">
          <reporter-output>
          </reporter-output>
        </test-method> <!-- OpenUrl -->
        <test-method signature="TestCase()[pri:0, instance:codes.TwelvethAssignment@4af0df05]" started-at="2025-07-09T19:12:46 IST" name="TestCase" finished-at="2025-07-09T19:13:04 IST" duration-ms="17296" status="PASS">
          <reporter-output>
          </reporter-output>
        </test-method> <!-- TestCase -->
      </class> <!-- codes.TwelvethAssignment -->
    </test> <!-- Default test -->
  </suite> <!-- Default suite -->
</testng-results>
